<?xml version="1.0" encoding="UTF-8"?>
<testng-results skipped="0" failed="0" ignored="0" total="1" passed="1">
  <reporter-output>
  </reporter-output>
  <suite name="BDD Test Suite" duration-ms="591" started-at="2020-07-11T18:17:38Z" finished-at="2020-07-11T18:17:39Z">
    <groups>
      <group name="cucumber">
        <method signature="TestRunnerTestNg.feature(cucumber.api.testng.CucumberFeatureWrapper)[pri:0, instance:Runner.TestRunnerTestNg@271053e1]" name="feature" class="Runner.TestRunnerTestNg"/>
      </group> <!-- cucumber -->
    </groups>
    <test name="FREE CRM Test" duration-ms="591" started-at="2020-07-11T18:17:38Z" finished-at="2020-07-11T18:17:39Z">
      <class name="Runner.TestRunnerTestNg">
        <test-method status="PASS" signature="setUpClass()[pri:0, instance:Runner.TestRunnerTestNg@271053e1]" name="setUpClass" is-config="true" duration-ms="312" started-at="2020-07-11T18:17:38Z" finished-at="2020-07-11T18:17:39Z">
          <reporter-output>
          </reporter-output>
        </test-method> <!-- setUpClass -->
        <test-method status="PASS" signature="feature(cucumber.api.testng.CucumberFeatureWrapper)[pri:0, instance:Runner.TestRunnerTestNg@271053e1]" name="feature" duration-ms="79" started-at="2020-07-11T18:17:39Z" description="Runs Cucumber Feature" data-provider="features" finished-at="2020-07-11T18:17:39Z">
          <params>
            <param index="0">
              <value>
                <![CDATA[Free CRM Application Test]]>
              </value>
            </param>
          </params>
          <reporter-output>
          </reporter-output>
        </test-method> <!-- feature -->
        <test-method status="PASS" signature="tearDownClass()[pri:0, instance:Runner.TestRunnerTestNg@271053e1]" name="tearDownClass" is-config="true" duration-ms="48" started-at="2020-07-11T18:17:39Z" finished-at="2020-07-11T18:17:39Z">
          <reporter-output>
          </reporter-output>
        </test-method> <!-- tearDownClass -->
      </class> <!-- Runner.TestRunnerTestNg -->
    </test> <!-- FREE CRM Test -->
  </suite> <!-- BDD Test Suite -->
</testng-results>
